
10 3.000e-05
100 1.880e-04
1000 1.442e-03
10000 9.296e-03
10 2.800e-05
100 3.180e-04
1000 2.751e-03
10000 1.233e-02
10 9.000e-06
100 1.150e-04
1000 1.139e-03
10000 1.621e-02
10 2.800e-05
100 4.050e-04
1000 2.508e-03
10000 1.678e-02
10 8.000e-06
100 3.160e-04
1000 2.564e-03
10000 1.597e-02
10 3.800e-05
100 2.700e-04
1000 2.703e-03
10000 1.105e-02
10 3.200e-05
100 3.150e-04
1000 2.715e-03
10000 1.402e-02
10 3.100e-05
100 2.910e-04
1000 2.661e-03
10000 1.788e-02
10 8.000e-06
100 1.000e-04
1000 2.647e-03
10000 1.243e-02
10 9.000e-06
100 2.880e-04
1000 1.316e-03
10000 1.619e-02
10000 1.061e-02
10000 1.828e-02
