This is pdfTeX, Version 3.141592653-2.6-1.40.24 (MiKTeX 21.12.10) (preloaded format=pdflatex 2022.1.8)  15 SEP 2024 20:08
entering extended mode
 restricted \write18 enabled.
 file:line:error style messages enabled.
 %&-line parsing enabled.
**c:/Users/Markw/OneDrive/Documents/GitHub/latex-stuffs/resume/resume.tex
(c:/Users/Markw/OneDrive/Documents/GitHub/latex-stuffs/resume/resume.tex
LaTeX2e <2021-11-15> patch level 1
L3 programming layer <2021-11-22>)
! Emergency stop.
<*> ...ments/GitHub/latex-stuffs/resume/resume.tex
                                                  
*** (job aborted, no legal \end found)

 
Here is how much of TeX's memory you used:
 19 strings out of 478659
 579 string characters out of 2845921
 295559 words of memory out of 3000000
 18225 multiletter control sequences out of 15000+600000
 403430 words of font info for 27 fonts, out of 8000000 for 9000
 1141 hyphenation exceptions out of 8191
 13i,0n,12p,103b,10s stack positions out of 5000i,500n,10000p,200000b,80000s
!  ==> Fatal error occurred, no output PDF file produced!
